[02/Jul/2015:14:30:43] GET DATA Array
(
)
 POST DATA Array
(
    [user_id] => 45
    [token] => 4510122329515594fd3a500df8.88700041
    [limit_start] => 0
    [project_id] => 100
    [request] => android
)

[02/Jul/2015:14:30:50] GET DATA Array
(
)
 POST DATA Array
(
    [user_id] => 45
    [token] => 4510122329515594fd3a500df8.88700041
    [limit_start] => 10
    [project_id] => 100
    [request] => android
)

[02/Jul/2015:14:30:56] GET DATA Array
(
)
 POST DATA Array
(
    [user_id] => 45
    [token] => 4510122329515594fd3a500df8.88700041
    [limit_start] => 20
    [project_id] => 100
    [request] => android
)

[02/Jul/2015:14:30:56] GET DATA Array
(
)
 POST DATA Array
(
    [user_id] => 45
    [token] => 4510122329515594fd3a500df8.88700041
    [limit_start] => 30
    [project_id] => 100
    [request] => android
)

[02/Jul/2015:14:31:18] GET DATA Array
(
    [user_id] => 45
    [token] => 4510122329515594fd3a500df8.88700041
    [request] => android
)
 POST DATA Array
(
)

[02/Jul/2015:14:31:29] GET DATA Array
(
)
 POST DATA Array
(
    [user_id] => 45
    [token] => 4510122329515594fd3a500df8.88700041
    [limit_start] => 0
    [project_id] => 100
    [request] => android
)

[02/Jul/2015:14:31:31] GET DATA Array
(
)
 POST DATA Array
(
    [user_id] => 45
    [token] => 4510122329515594fd3a500df8.88700041
    [limit_start] => 10
    [project_id] => 100
    [request] => android
)

[02/Jul/2015:14:31:34] GET DATA Array
(
)
 POST DATA Array
(
    [user_id] => 45
    [token] => 4510122329515594fd3a500df8.88700041
    [limit_start] => 20
    [project_id] => 100
    [request] => android
)

[02/Jul/2015:14:31:34] GET DATA Array
(
)
 POST DATA Array
(
    [user_id] => 45
    [token] => 4510122329515594fd3a500df8.88700041
    [limit_start] => 30
    [project_id] => 100
    [request] => android
)

[02/Jul/2015:14:32:03] GET DATA Array
(
)
 POST DATA Array
(
    [request] => ios
    [user_id] => 47
    [token] => 4711323580775593a54c65a310.05595131
    [project_id] => 100
    [limit_start] => 0
)

[02/Jul/2015:14:33:00] GET DATA Array
(
)
 POST DATA Array
(
    [request] => android
    [user_id] => 45
    [token] => 45170580134055950534812747.60808941
    [project_id] => 100
    [limit_start] => 0
)

[02/Jul/2015:14:33:08] GET DATA Array
(
)
 POST DATA Array
(
    [request] => android
    [user_id] => 45
    [token] => 45170580134055950534812747.60808941
    [project_id] => 100
    [limit_start] => 30
)

[02/Jul/2015:14:35:24] GET DATA Array
(
)
 POST DATA Array
(
    [request] => android
    [user_id] => 45
    [token] => 45170580134055950534812747.60808941
    [project_id] => 100
    [limit_start] => 30
)

[02/Jul/2015:14:35:29] GET DATA Array
(
)
 POST DATA Array
(
    [request] => android
    [user_id] => 45
    [token] => 45170580134055950534812747.60808941
    [project_id] => 100
    [limit_start] => 60
)

[02/Jul/2015:14:35:35] GET DATA Array
(
)
 POST DATA Array
(
    [request] => android
    [user_id] => 45
    [token] => 45170580134055950534812747.60808941
    [project_id] => 100
    [limit_start] => 70
)

[02/Jul/2015:14:35:40] GET DATA Array
(
)
 POST DATA Array
(
    [request] => android
    [user_id] => 45
    [token] => 45170580134055950534812747.60808941
    [project_id] => 100
    [limit_start] => 80
)

[02/Jul/2015:14:35:45] GET DATA Array
(
)
 POST DATA Array
(
    [request] => android
    [user_id] => 45
    [token] => 45170580134055950534812747.60808941
    [project_id] => 100
    [limit_start] => 90
)

