[02/Jul/2015:14:55:52] GET DATA Array
(
)
 POST DATA Array
(
    [user_id] => 45
    [token] => 4518532201075595073895d188.98725658
    [request] => android
    [project_id] => 100
    [project_message] => testing project messages 
)

[02/Jul/2015:14:57:45] GET DATA Array
(
)
 POST DATA Array
(
    [user_id] => 45
    [token] => 4518532201075595073895d188.98725658
    [request] => android
    [project_id] => 100
    [project_message] => just type a small and medium sized text hjhjjkkkkkj           hkkjbvbnnb 
3rd line 
4th line 
5th line
)

[02/Jul/2015:15:03:38] GET DATA Array
(
)
 POST DATA Array
(
    [request] => ios
    [user_id] => 1
    [token] => 1118650231255950c544b9418.76909146
    [project_id] => 95
    [project_message] => web service test of ns data dictionary
)

[02/Jul/2015:15:17:13] GET DATA Array
(
)
 POST DATA Array
(
    [user_id] => 45
    [token] => 4518532201075595073895d188.98725658
    [request] => android
    [project_id] => 100
    [project_message] => text of this year ago today that its first week and the rest assured me that they were going through this process will have no problem of their respective companies and individuals or more information please contact me and 
)

[02/Jul/2015:15:17:40] GET DATA Array
(
)
 POST DATA Array
(
    [user_id] => 45
    [token] => 4518532201075595073895d188.98725658
    [request] => android
    [project_id] => 100
    [project_message] => action bar testing
)

[02/Jul/2015:15:18:08] GET DATA Array
(
)
 POST DATA Array
(
    [user_id] => 45
    [token] => 4518532201075595073895d188.98725658
    [request] => android
    [project_id] => 100
    [project_message] => fragment action bar testing 
)

[02/Jul/2015:15:46:09] GET DATA Array
(
)
 POST DATA Array
(
    [request] => ios
    [user_id] => 1
    [token] => 19460532115595162f1f8288.31966192
    [project_id] => 95
    [project_message] => Web service test to post data
)

[02/Jul/2015:15:51:02] GET DATA Array
(
)
 POST DATA Array
(
    [user_id] => 45
    [token] => 4518532201075595073895d188.98725658
    [request] => android
    [project_id] => 100
    [project_message] => fragments testing for dual action bar 
)

[02/Jul/2015:15:56:07] GET DATA Array
(
)
 POST DATA Array
(
    [request] => ios
    [user_id] => 1
    [token] => 11503836608559518a7673f98.69559181
    [project_id] => 95
    [project_message] => Test text to webservice
)

[02/Jul/2015:15:57:06] GET DATA Array
(
)
 POST DATA Array
(
    [request] => ios
    [user_id] => 1
    [token] => 11503836608559518a7673f98.69559181
    [project_id] => 95
    [project_message] => Test text to webservice 2
)

[02/Jul/2015:15:58:06] GET DATA Array
(
)
 POST DATA Array
(
    [user_id] => 45
    [token] => 4518532201075595073895d188.98725658
    [request] => android
    [project_id] => 100
    [project_message] => gjjg
)

[02/Jul/2015:16:01:30] GET DATA Array
(
)
 POST DATA Array
(
    [user_id] => 45
    [token] => 4518532201075595073895d188.98725658
    [request] => android
    [project_id] => 100
    [project_message] => yesterday was not 
)

[02/Jul/2015:16:03:19] GET DATA Array
(
)
 POST DATA Array
(
    [user_id] => 45
    [token] => 4518532201075595073895d188.98725658
    [request] => android
    [project_id] => 100
    [project_message] => gddhjfd gdsxh
)

[02/Jul/2015:16:03:38] GET DATA Array
(
)
 POST DATA Array
(
    [user_id] => 45
    [token] => 4518532201075595073895d188.98725658
    [request] => android
    [project_id] => 100
    [project_message] => dgsddgg hdds
)

[02/Jul/2015:16:03:54] GET DATA Array
(
)
 POST DATA Array
(
    [user_id] => 45
    [token] => 4518532201075595073895d188.98725658
    [request] => android
    [project_id] => 100
    [project_message] => Zeeshan Malik
)

[02/Jul/2015:16:05:51] GET DATA Array
(
)
 POST DATA Array
(
    [request] => ios
    [user_id] => 1
    [token] => 1179969138755951afdf218e9.89345908
    [project_id] => 93
    [project_message] => test message 4
)

[02/Jul/2015:16:06:55] GET DATA Array
(
)
 POST DATA Array
(
    [request] => ios
    [user_id] => 1
    [token] => 1179969138755951afdf218e9.89345908
    [project_id] => 93
    [project_message] => test message 5
)

[02/Jul/2015:16:08:43] GET DATA Array
(
)
 POST DATA Array
(
    [request] => ios
    [user_id] => 1
    [token] => 139660330755951ba8644938.38137710
    [project_id] => 93
    [project_message] => text web service 6
)

[02/Jul/2015:16:11:08] GET DATA Array
(
)
 POST DATA Array
(
    [user_id] => 45
    [token] => 4518532201075595073895d188.98725658
    [request] => android
    [project_id] => 100
    [project_message] => send testing 
)

[02/Jul/2015:16:12:30] GET DATA Array
(
)
 POST DATA Array
(
    [user_id] => 45
    [token] => 4518532201075595073895d188.98725658
    [request] => android
    [project_id] => 100
    [project_message] => send button testing 
)

[02/Jul/2015:16:12:48] GET DATA Array
(
)
 POST DATA Array
(
    [user_id] => 45
    [token] => 4518532201075595073895d188.98725658
    [request] => android
    [project_id] => 100
    [project_message] => aaaaaaaa
)

[02/Jul/2015:16:16:15] GET DATA Array
(
)
 POST DATA Array
(
    [user_id] => 45
    [token] => 4518532201075595073895d188.98725658
    [request] => android
    [project_id] => 100
    [project_message] => testing 
)

[02/Jul/2015:16:19:26] GET DATA Array
(
)
 POST DATA Array
(
    [user_id] => 45
    [token] => 4518532201075595073895d188.98725658
    [request] => android
    [project_id] => 100
    [project_message] => aa
)

[02/Jul/2015:16:21:13] GET DATA Array
(
)
 POST DATA Array
(
    [user_id] => 45
    [token] => 4518532201075595073895d188.98725658
    [request] => android
    [project_id] => 100
    [project_message] => khan 
)

[02/Jul/2015:16:24:28] GET DATA Array
(
)
 POST DATA Array
(
    [user_id] => 45
    [token] => 4518532201075595073895d188.98725658
    [request] => android
    [project_id] => 100
    [project_message] => eeeeee
)

[02/Jul/2015:16:26:31] GET DATA Array
(
)
 POST DATA Array
(
    [user_id] => 45
    [token] => 4518532201075595073895d188.98725658
    [request] => android
    [project_id] => 100
    [project_message] => ryfhh
)

[02/Jul/2015:16:26:51] GET DATA Array
(
)
 POST DATA Array
(
    [user_id] => 45
    [token] => 4518532201075595073895d188.98725658
    [request] => android
    [project_id] => 100
    [project_message] => efg
)

[02/Jul/2015:16:31:55] GET DATA Array
(
)
 POST DATA Array
(
    [user_id] => 45
    [token] => 4518532201075595073895d188.98725658
    [request] => android
    [project_id] => 100
    [project_message] => last testing of project messages 
)

[02/Jul/2015:16:45:55] GET DATA Array
(
)
 POST DATA Array
(
    [user_id] => 45
    [token] => 4511952182655595245ae0c593.10729855
    [request] => android
    [project_id] => 100
    [project_message] => rddd
)

[02/Jul/2015:12:07:52] GET DATA Array
(
)
 POST DATA Array
(
)

[02/Jul/2015:12:26:12] GET DATA Array
(
)
 POST DATA Array
(
    [user_id] => 11
    [token] => 11121690822055952dc09ce4b3.89774694
    [request] => android
    [project_id] => 247
    [project_message] => check
)

[02/Jul/2015:12:28:26] GET DATA Array
(
)
 POST DATA Array
(
    [user_id] => 11
    [token] => 11121690822055952dc09ce4b3.89774694
    [request] => android
    [project_id] => 247
    [project_message] => just test
)

[02/Jul/2015:12:29:00] GET DATA Array
(
)
 POST DATA Array
(
)

[23/Jul/2015:09:12:21] GET DATA Array
(
)
 POST DATA Array
(
)

[23/Jul/2015:10:02:24] GET DATA Array
(
)
 POST DATA Array
(
    [request] => ios
    [user_id] => 11
    [token] => 11167565411855b0bb8b1b7b24.68558872
    [project_id] => 247
    [project_message] => hello this is my text message
)

[23/Jul/2015:10:13:48] GET DATA Array
(
)
 POST DATA Array
(
    [request] => ios
    [user_id] => 11
    [token] => 11103355689255b0be4b2f3211.00025161
    [project_id] => 367
    [project_message] => hello
)

[23/Jul/2015:10:14:52] GET DATA Array
(
)
 POST DATA Array
(
    [request] => ios
    [user_id] => 11
    [token] => 11102235911455b0be75db88d1.71646617
    [project_id] => 367
    [project_message] =>  this text message this text message this text message this text message this text message  this text message this text message this text message this text message this text message  this text message this text message this text message this text message this text message  this text message this text message this text message this text message this text message 
)

[23/Jul/2015:10:21:47] GET DATA Array
(
)
 POST DATA Array
(
    [request] => ios
    [user_id] => 11
    [token] => 11112933325455b0bffe260c58.10734247
    [project_id] => 247
    [project_message] => Hello
)

[23/Jul/2015:13:04:34] GET DATA Array
(
)
 POST DATA Array
(
    [request] => ios
    [user_id] => 11
    [token] => 1135125864955b0e5ade2e841.48719238
    [project_id] => 247
    [project_message] =>   Large message testing Large message testing Large message testing  Large message testing Large me Large message testing Large message testing Large message testing  Large message testing Large messa Large message testing Large message testing Large message testing  Large message testing Large message testing Large message testing  Large message testing Large message testing Large message testing ge testing Large message testing  Large message testing Large message testing Large message testing ssage testing Large message testing  Large message testing Large message testing Large message testing 
)

[24/Jul/2015:10:20:20] GET DATA Array
(
)
 POST DATA Array
(
    [request] => ios
    [user_id] => 11
    [token] => 1194845063755b21037139b31.73912989
    [project_id] => 367
    [project_message] => hello this is my text message
)

[24/Jul/2015:10:31:04] GET DATA Array
(
)
 POST DATA Array
(
    [request] => ios
    [user_id] => 11
    [token] => 11209395947155b21390036969.23487610
    [project_id] => 367
    [project_message] =>  Large message testing Large message testing Large message testing  Large message testing Large message testing Large message testing  Large message testing Large message testing Large message testing  Large message testing Large message testing Large message testing  Large message testing Large message testing Large message testing  Large message testing Large message testing Large message testing 
)

[24/Jul/2015:10:32:30] GET DATA Array
(
)
 POST DATA Array
(
    [request] => ios
    [user_id] => 11
    [token] => 11115039571655b2142b723126.39452979
    [project_id] => 32
    [project_message] => Hello
)

[24/Jul/2015:10:46:21] GET DATA Array
(
)
 POST DATA Array
(
    [request] => ios
    [user_id] => 11
    [token] => 1112040140955b21708db4b59.08238587
    [project_id] => 32
    [project_message] => Hello This  my text msg again.
)

[24/Jul/2015:11:46:12] GET DATA Array
(
)
 POST DATA Array
(
    [request] => ios
    [user_id] => 11
    [token] => 11154933015655b224fe13adb4.56296129
    [project_id] => 247
    [project_message] => This my first auto layout program This my first auto layout program This my first auto layout program This my first auto layout program This my first auto layout program This my first auto layout program This my first auto layout program This my first auto layout program This my first auto layout program This my first auto layout program This my first auto layout program This my first auto layout program This my first auto layout program This This my first auto layout program my first auto layout program This my first auto layout program This my first auto layout program This my first auto layout program 
)

[27/Jul/2015:08:02:26] GET DATA Array
(
)
 POST DATA Array
(
    [request] => ios
    [user_id] => 11
    [token] => 1116055571755b5e4bcc0c9c8.04770471
    [project_id] => 367
    [project_message] => This is the text message with iPad 
)

[27/Jul/2015:12:37:07] GET DATA Array
(
)
 POST DATA Array
(
    [request] => ios
    [user_id] => 11
    [token] => 11205433567655b625d4c04351.89916155
    [project_id] => 62
    [project_message] => Gn ghbrtvrgbthhb
)

[27/Jul/2015:13:17:15] GET DATA Array
(
)
 POST DATA Array
(
    [request] => ios
    [user_id] => 11
    [token] => 1194414290555b62e67129de3.40080015
    [project_id] => 54
    [project_message] =>  Another essay goes here with details. Another essay goes here with details Another essay goes here with detailsAnother essay goes here with details  Another essay goes here with details. Another essay goes here with details Another essay goes here with detailsAnother essay goes here with details  Another essay goes here with details. Another essay goes here with details Another essay goes here with detailsAnother essay goes here with details  Another essay goes here with details. Another essay goes here with details Another essay goes here with detailsAnother essay goes here with details
)

[27/Jul/2015:13:18:24] GET DATA Array
(
)
 POST DATA Array
(
    [request] => ios
    [user_id] => 11
    [token] => 11198043973555b62f6d7f3201.88498362
    [project_id] => 54
    [project_message] =>   Another essay goes here with details. Another essay goes here with details Another essay goes here with detailsAnother essay goes here with details  Another essay goes here with details. Another essay goes here with details Another essay goes here with detailsAnother essay goes here with details  Another essay goes here with details. Another essay goes here with details Another essay goes here with detailsAnother essay goes here with details  Another essay goes here with details. Another essay goes here with details Another essay goes here with detailsAnother essay goes here with details  Another essay goes here with details. Another essay goes here with details Another essay goes here with detailsAnother essay goes here with details  Another essay goes here with details. Another essay goes here with details Another essay goes here with detailsAnother essay goes here with details
)

[27/Jul/2015:13:18:28] GET DATA Array
(
)
 POST DATA Array
(
    [request] => ios
    [user_id] => 11
    [token] => 11198043973555b62f6d7f3201.88498362
    [project_id] => 54
    [project_message] =>   Another essay goes here with details. Another essay goes here with details Another essay goes here with detailsAnother essay goes here with details  Another essay goes here with details. Another essay goes here with details Another essay goes here with detailsAnother essay goes here with details  Another essay goes here with details. Another essay goes here with details Another essay goes here with detailsAnother essay goes here with details  Another essay goes here with details. Another essay goes here with details Another essay goes here with detailsAnother essay goes here with details  Another essay goes here with details. Another essay goes here with details Another essay goes here with detailsAnother essay goes here with details  Another essay goes here with details. Another essay goes here with details Another essay goes here with detailsAnother essay goes here with details
)

[27/Jul/2015:13:37:58] GET DATA Array
(
)
 POST DATA Array
(
    [user_id] => 16
    [token] => 1636666515155a57887705707.87915350
    [request] => android
    [project_id] => 122
    [project_message] => yyf
)

[27/Jul/2015:13:42:10] GET DATA Array
(
)
 POST DATA Array
(
    [user_id] => 16
    [token] => 1636666515155a57887705707.87915350
    [request] => android
    [project_id] => 122
    [project_message] => hdhehrvdvd
)

[27/Jul/2015:13:53:41] GET DATA Array
(
)
 POST DATA Array
(
    [request] => ios
    [user_id] => 11
    [token] => 1116304139455b637be0ac511.20999518
    [project_id] => 367
    [project_message] => Hello
)

[27/Jul/2015:13:58:28] GET DATA Array
(
)
 POST DATA Array
(
    [request] => ios
    [user_id] => 16
    [token] => 1664665835455b638b71326a4.94524477
    [project_id] => 129
    [project_message] => Hi dhdhdvdheu d f f f g ridiculous siddha shrubs 
)

[27/Jul/2015:14:03:20] GET DATA Array
(
)
 POST DATA Array
(
    [request] => ios
    [user_id] => 11
    [token] => 112805354755b639a13edfc1.09945260
    [project_id] => 247
    [project_message] => By gutter fvfvtvt fvfvtvt t g t t hello this is a test
)

[28/Jul/2015:13:13:05] GET DATA Array
(
)
 POST DATA Array
(
    [user_id] => 16
    [token] => 1626778732255b77fcf4d4797.58027918
    [request] => android
    [project_id] => 129
    [project_message] => test
)

[28/Jul/2015:13:16:33] GET DATA Array
(
)
 POST DATA Array
(
    [user_id] => 16
    [token] => 1626778732255b77fcf4d4797.58027918
    [request] => android
    [project_id] => 129
    [project_message] => hahshsjsjsjshshshs
)

[29/Jul/2015:08:04:50] GET DATA Array
(
)
 POST DATA Array
(
    [user_id] => 11
    [token] => 11152312085955b88888394409.27747828
    [request] => android
    [project_id] => 367
    [project_message] => live link testing
)

[29/Jul/2015:09:36:09] GET DATA Array
(
)
 POST DATA Array
(
    [user_id] => 11
    [token] => 11139139225955b89e677637c6.43879702
    [request] => android
    [project_id] => 367
    [project_message] => published apk 
)

[29/Jul/2015:10:22:19] GET DATA Array
(
)
 POST DATA Array
(
    [user_id] => 11
    [token] => 1146833450655b8a905aef1f6.23010162
    [request] => android
    [project_id] => 54
    [project_message] => message from client. testing push notification
)

[29/Jul/2015:11:23:07] GET DATA Array
(
)
 POST DATA Array
(
    [user_id] => 11
    [token] => 11202230755355b8b7849090b6.46066939
    [request] => android
    [project_id] => 367
    [project_message] => both sides notification 
)

[29/Jul/2015:11:45:18] GET DATA Array
(
)
 POST DATA Array
(
    [user_id] => 11
    [token] => 114102172155b8bc63aac112.10681340
    [request] => android
    [project_id] => 367
    [project_message] => model and technology 
)

[31/Jul/2015:14:41:39] GET DATA Array
(
)
 POST DATA Array
(
    [user_id] => 11
    [token] => 11210053836755bb88b4536d36.70447826
    [request] => android
    [project_id] => 35
    [project_message] => test message posted as a response...

hello world
)

[31/Jul/2015:14:50:33] GET DATA Array
(
)
 POST DATA Array
(
    [user_id] => 11
    [token] => 1141189747055bb8af26b8c78.28968349
    [request] => android
    [project_id] => 247
    [project_message] => write your message here...

hello


world
)

[04/Aug/2015:16:11:32] GET DATA Array
(
)
 POST DATA Array
(
    [request] => ios
    [user_id] => 11
    [token] => 1140568753655c0e41349b2e4.05453190
    [project_id] => 367
    [project_message] => test
)

[05/Aug/2015:05:33:01] GET DATA Array
(
)
 POST DATA Array
(
    [request] => ios
    [user_id] => 16
    [token] => 16154119023255c19ff4863046.75325668
    [project_id] => 123
    [project_message] => Evergreen even
)

[07/Aug/2015:10:45:04] GET DATA Array
(
)
 POST DATA Array
(
    [user_id] => 65
    [token] => 65134170212855c2eb90131af4.17513752
    [request] => android
    [project_id] => 347
    [project_message] => Thanks Abdul Moeed. I will do as you have asked and will wait for the update.
)

[18/Aug/2015:07:34:00] GET DATA Array
(
)
 POST DATA Array
(
    [request] => ios
    [user_id] => 16
    [token] => 1667403313855d2dfcdb80df9.18330619
    [project_id] => 129
    [project_message] => Ydhchfhchvhvhvhch
)

[18/Aug/2015:07:34:01] GET DATA Array
(
)
 POST DATA Array
(
    [request] => ios
    [user_id] => 16
    [token] => 1667403313855d2dfcdb80df9.18330619
    [project_id] => 129
    [project_message] => Ydhchfhchvhvhvhch
)

[24/Aug/2015:07:31:35] GET DATA Array
(
)
 POST DATA Array
(
    [request] => ios
    [user_id] => 65
    [token] => 6510306021555dac7d77dc680.49012275
    [project_id] => 347
    [project_message] => AOA Qasim, I will get back to you after reviewing the document. Regarding SMS API, I sent the documents which I received from UFone but till now I did not hear anything from your team.
)

